  Engine.cpp
D:\Other\CVs\Work_V2\Kiev\Dragons Lake\Arkanoid\Arkanoid\Engine.cpp(25,15): warning C4244: 'initializing': conversion from 'int' to 'float', possible loss of data
D:\Other\CVs\Work_V2\Kiev\Dragons Lake\Arkanoid\Arkanoid\Engine.cpp(26,15): warning C4244: 'initializing': conversion from 'int' to 'float', possible loss of data
D:\Other\CVs\Work_V2\Kiev\Dragons Lake\Arkanoid\Arkanoid\Engine.cpp(108,41): warning C4244: 'argument': conversion from 'double' to 'float', possible loss of data
D:\Other\CVs\Work_V2\Kiev\Dragons Lake\Arkanoid\Arkanoid\Engine.cpp(115,77): warning C4244: '=': conversion from '_Rep' to 'long', possible loss of data
          with
          [
              _Rep=__int64
          ]
D:\Other\CVs\Work_V2\Kiev\Dragons Lake\Arkanoid\Arkanoid\Engine.cpp(333,10): warning C4244: 'return': conversion from '_Rep' to 'unsigned int', possible loss of data
          with
          [
              _Rep=__int64
          ]
  Generating code
  3 of 227 functions ( 1.3%) were compiled, the rest were copied from previous compilation.
    0 functions were new in current compilation
    0 functions had inline decision re-evaluated but remain unchanged
  Finished generating code
  Arkanoid.vcxproj -> D:\Other\CVs\Work_V2\Kiev\Dragons Lake\Arkanoid\x64\Release\Arkanoid.exe
