d:\other\cvs\work_v2\kiev\dragons lake\arkanoid\arkanoid\x64\release\vc143.pdb
d:\other\cvs\work_v2\kiev\dragons lake\arkanoid\arkanoid\x64\release\sprite.obj
d:\other\cvs\work_v2\kiev\dragons lake\arkanoid\arkanoid\x64\release\safewall.obj
d:\other\cvs\work_v2\kiev\dragons lake\arkanoid\arkanoid\x64\release\platform.obj
d:\other\cvs\work_v2\kiev\dragons lake\arkanoid\arkanoid\x64\release\engine.obj
d:\other\cvs\work_v2\kiev\dragons lake\arkanoid\arkanoid\x64\release\block.obj
d:\other\cvs\work_v2\kiev\dragons lake\arkanoid\arkanoid\x64\release\ball.obj
d:\other\cvs\work_v2\kiev\dragons lake\arkanoid\arkanoid\x64\release\arkanoid.obj
d:\other\cvs\work_v2\kiev\dragons lake\arkanoid\x64\release\arkanoid.exe
d:\other\cvs\work_v2\kiev\dragons lake\arkanoid\arkanoid\x64\release\arkanoid.ipdb
d:\other\cvs\work_v2\kiev\dragons lake\arkanoid\x64\release\arkanoid.pdb
d:\other\cvs\work_v2\kiev\dragons lake\arkanoid\arkanoid\x64\release\arkanoid.iobj
d:\other\cvs\work_v2\kiev\dragons lake\arkanoid\arkanoid\x64\release\arkanoid.res
d:\other\cvs\work_v2\kiev\dragons lake\arkanoid\arkanoid\x64\release\arkanoid.tlog\cl.command.1.tlog
d:\other\cvs\work_v2\kiev\dragons lake\arkanoid\arkanoid\x64\release\arkanoid.tlog\cl.read.1.tlog
d:\other\cvs\work_v2\kiev\dragons lake\arkanoid\arkanoid\x64\release\arkanoid.tlog\cl.write.1.tlog
d:\other\cvs\work_v2\kiev\dragons lake\arkanoid\arkanoid\x64\release\arkanoid.tlog\link.command.1.tlog
d:\other\cvs\work_v2\kiev\dragons lake\arkanoid\arkanoid\x64\release\arkanoid.tlog\link.read.1.tlog
d:\other\cvs\work_v2\kiev\dragons lake\arkanoid\arkanoid\x64\release\arkanoid.tlog\link.write.1.tlog
d:\other\cvs\work_v2\kiev\dragons lake\arkanoid\arkanoid\x64\release\arkanoid.tlog\rc.command.1.tlog
d:\other\cvs\work_v2\kiev\dragons lake\arkanoid\arkanoid\x64\release\arkanoid.tlog\rc.read.1.tlog
d:\other\cvs\work_v2\kiev\dragons lake\arkanoid\arkanoid\x64\release\arkanoid.tlog\rc.write.1.tlog
