d:\other\cvs\work_v2\kiev\dragons lake\arkanoid\arkanoid\x64\debug\vc143.pdb
d:\other\cvs\work_v2\kiev\dragons lake\arkanoid\arkanoid\x64\debug\vc143.idb
d:\other\cvs\work_v2\kiev\dragons lake\arkanoid\arkanoid\x64\debug\sprite.obj
d:\other\cvs\work_v2\kiev\dragons lake\arkanoid\arkanoid\x64\debug\safewall.obj
d:\other\cvs\work_v2\kiev\dragons lake\arkanoid\arkanoid\x64\debug\platform.obj
d:\other\cvs\work_v2\kiev\dragons lake\arkanoid\arkanoid\x64\debug\engine.obj
d:\other\cvs\work_v2\kiev\dragons lake\arkanoid\arkanoid\x64\debug\block.obj
d:\other\cvs\work_v2\kiev\dragons lake\arkanoid\arkanoid\x64\debug\ball.obj
d:\other\cvs\work_v2\kiev\dragons lake\arkanoid\arkanoid\x64\debug\arkanoid.obj
d:\other\cvs\work_v2\kiev\dragons lake\arkanoid\x64\debug\arkanoid.exe
d:\other\cvs\work_v2\kiev\dragons lake\arkanoid\arkanoid\x64\debug\arkanoid.ilk
d:\other\cvs\work_v2\kiev\dragons lake\arkanoid\x64\debug\arkanoid.pdb
d:\other\cvs\work_v2\kiev\dragons lake\arkanoid\arkanoid\x64\debug\arkanoid.res
d:\other\cvs\work_v2\kiev\dragons lake\arkanoid\arkanoid\x64\debug\arkanoid.tlog\cl.command.1.tlog
d:\other\cvs\work_v2\kiev\dragons lake\arkanoid\arkanoid\x64\debug\arkanoid.tlog\cl.read.1.tlog
d:\other\cvs\work_v2\kiev\dragons lake\arkanoid\arkanoid\x64\debug\arkanoid.tlog\cl.write.1.tlog
d:\other\cvs\work_v2\kiev\dragons lake\arkanoid\arkanoid\x64\debug\arkanoid.tlog\link.command.1.tlog
d:\other\cvs\work_v2\kiev\dragons lake\arkanoid\arkanoid\x64\debug\arkanoid.tlog\link.read.1.tlog
d:\other\cvs\work_v2\kiev\dragons lake\arkanoid\arkanoid\x64\debug\arkanoid.tlog\link.write.1.tlog
d:\other\cvs\work_v2\kiev\dragons lake\arkanoid\arkanoid\x64\debug\arkanoid.tlog\rc.command.1.tlog
d:\other\cvs\work_v2\kiev\dragons lake\arkanoid\arkanoid\x64\debug\arkanoid.tlog\rc.read.1.tlog
d:\other\cvs\work_v2\kiev\dragons lake\arkanoid\arkanoid\x64\debug\arkanoid.tlog\rc.write.1.tlog
